[INFO ] 2019-04-22 02:17:51.676 [main] HomePageTests - MakeMyTrip - #1 Travel Website 50% OFF on Hotels, Flights &amp; Holiday
[INFO ] 2019-04-22 02:18:17.670 [main] HomePageTests - MakeMyTrip - #1 Travel Website 50% OFF on Hotels, Flights &amp; Holiday
[DEBUG] 2019-04-24 20:27:16.104 [main] HomePageTests - About to setup - HomePageTests
[DEBUG] 2019-04-24 20:28:06.071 [main] HomePageTests - About to setup - HomePageTests
[DEBUG] 2019-04-24 20:30:13.156 [main] HomePageTests - About to setup - HomePageTests
[DEBUG] 2019-04-24 20:30:16.716 [main] HomePageTests - About to setup - HomePageTests
[DEBUG] 2019-04-24 20:30:16.740 [main] HomePageTests - Test Starting ------- verifyTitle
[INFO ] 2019-04-24 20:30:16.752 [main] HomePageTests - Title of the Home Page is : www.makemytrip.com
[DEBUG] 2019-04-24 20:30:16.776 [main] HomePageTests - Startig Test --------- searchFlights
[DEBUG] 2019-04-24 20:30:16.776 [main] HomePageTests - About to start Perform Search.
[DEBUG] 2019-04-24 20:30:57.183 [main] HomePageTests - About to end the test ---- home page tests class
[DEBUG] 2019-04-24 20:30:57.824 [main] HomePageTests - Ended the test for ----- home page tests class
[DEBUG] 2019-04-24 20:31:15.341 [main] HomePageTests - About to setup - HomePageTests
[DEBUG] 2019-04-24 20:31:30.127 [main] HomePageTests - About to setup - HomePageTests
[DEBUG] 2019-04-24 20:31:30.147 [main] HomePageTests - Test Starting ------- verifyTitle
[INFO ] 2019-04-24 20:31:30.171 [main] HomePageTests - Title of the Home Page is : www.makemytrip.com
[DEBUG] 2019-04-24 20:31:30.199 [main] HomePageTests - Startig Test --------- searchFlights
[DEBUG] 2019-04-24 20:31:30.199 [main] HomePageTests - About to start Perform Search.
[DEBUG] 2019-04-24 20:41:17.296 [main] HomePageTests - About to setup - HomePageTests
[DEBUG] 2019-04-24 20:41:22.077 [main] HomePageTests - About to setup - HomePageTests
[DEBUG] 2019-04-24 20:41:22.105 [main] HomePageTests - Test Starting ------- verifyTitle
[DEBUG] 2019-04-24 20:41:22.149 [main] HomePageTests - Startig Test --------- searchFlights
[DEBUG] 2019-04-24 20:41:22.149 [main] HomePageTests - About to start Perform Search.
[DEBUG] 2019-04-24 20:41:22.165 [main] HomePageTests - About to end the test ---- home page tests class
[DEBUG] 2019-04-24 20:41:22.861 [main] HomePageTests - Ended the test for ----- home page tests class
[DEBUG] 2019-04-24 20:57:24.139 [main] HomePageTests - About to setup - HomePageTests
[DEBUG] 2019-04-24 20:57:33.790 [main] HomePageTests - About to setup - HomePageTests
[DEBUG] 2019-04-24 20:57:33.822 [main] HomePageTests - Test Starting ------- verifyTitle
[INFO ] 2019-04-24 20:57:33.830 [main] HomePageTests - Title of the Home Page is : MakeMyTrip - #1 Travel Website 50% OFF on Hotels, Flights &amp; Holiday
[DEBUG] 2019-04-24 20:57:33.834 [main] HomePageTests - End Test ---- VerifyTitle
[DEBUG] 2019-04-24 20:57:33.854 [main] HomePageTests - Startig Test --------- searchFlights
[DEBUG] 2019-04-24 20:57:33.854 [main] HomePageTests - About to start Perform Search.
[DEBUG] 2019-04-24 20:57:58.942 [main] HomePageTests - ended the perform search action
[INFO ] 2019-04-24 20:57:59.002 [main] HomePageTests - Succefully searched for the flight.
[DEBUG] 2019-04-24 20:57:59.006 [main] HomePageTests - About to end the test ---- home page tests class
[DEBUG] 2019-04-24 20:57:59.842 [main] HomePageTests - Ended the test for ----- home page tests class
[INFO ] 2019-04-24 21:04:42.775 [main] GLOBAL - Without Filter - departure flights options : 71
[INFO ] 2019-04-24 21:04:42.819 [main] GLOBAL - Without Filter - return flights options : 79
